<?xml version="1.0" encoding="UTF-8"?>
<testng-results ignored="0" total="1" passed="1" failed="0" skipped="0">
  <reporter-output>
    <line>
      <![CDATA[Hello ji]]>
    </line>
  </reporter-output>
  <suite started-at="2023-01-10T15:41:29 IST" name="Suite" finished-at="2023-01-10T15:41:29 IST" duration-ms="283">
    <groups>
    </groups>
    <test started-at="2023-01-10T15:41:29 IST" name="Test" finished-at="2023-01-10T15:41:29 IST" duration-ms="283">
      <class name="Demo.Test3">
        <test-method signature="m5()[pri:0, instance:Demo.Test3@11bd0f3b]" started-at="2023-01-10T15:41:29 IST" name="m5" finished-at="2023-01-10T15:41:29 IST" duration-ms="12" status="PASS">
          <reporter-output>
            <line>
              <![CDATA[Hello ji]]>
            </line>
          </reporter-output>
        </test-method> <!-- m5 -->
      </class> <!-- Demo.Test3 -->
    </test> <!-- Test -->
  </suite> <!-- Suite -->
</testng-results>
